{
  "stats": {
    "suites": 6,
    "tests": 15,
    "passes": 15,
    "pending": 0,
    "failures": 0,
    "start": "2023-01-15T14:44:01.719Z",
    "end": "2023-01-15T14:45:31.210Z",
    "duration": 66473,
    "testsRegistered": 15,
    "passPercent": 100,
    "pendingPercent": 0,
    "other": 0,
    "hasOther": false,
    "skipped": 0,
    "hasSkipped": false
  },
  "results": [
    {
      "uuid": "1248b58b-68e1-4597-bbf3-a2db6300d71b",
      "title": "",
      "fullFile": "cypress/e2e/automation-test-store/add-items-basket.cy.js",
      "file": "cypress/e2e/automation-test-store/add-items-basket.cy.js",
      "beforeHooks": [],
      "afterHooks": [],
      "tests": [],
      "suites": [
        {
          "uuid": "bba09d9e-082c-458c-9c08-b8d804bf387c",
          "title": "Add multiple items to basket",
          "fullFile": "",
          "file": "",
          "beforeHooks": [],
          "afterHooks": [],
          "tests": [
            {
              "title": "Add specific items to basket",
              "fullTitle": "Add multiple items to basket Add specific items to basket",
              "timedOut": null,
              "duration": 14962,
              "state": "passed",
              "speed": "slow",
              "pass": true,
              "fail": false,
              "pending": false,
              "context": null,
              "code": "asHairCare_PO.addProductToBasket();\ncy.get('.input-group-sm').find('input').then(function (listing) {\n  var listingCount = Cypress.$(listing).length;\n  expect(listingCount).to.equal(products.productName.length);\n  var i;\n  for (i = 0; i < listingCount; i++) {\n    cy.get('.input-group-sm').find('input').eq(i).invoke('attr', 'value').should('equal', '1');\n  }\n  ;\n});",
              "err": {},
              "uuid": "e10156d2-0354-48c4-a03e-e9c79154c3fb",
              "parentUUID": "bba09d9e-082c-458c-9c08-b8d804bf387c",
              "isHook": false,
              "skipped": false
            }
          ],
          "suites": [],
          "passes": [
            "e10156d2-0354-48c4-a03e-e9c79154c3fb"
          ],
          "failures": [],
          "pending": [],
          "skipped": [],
          "duration": 14962,
          "root": false,
          "rootEmpty": false,
          "_timeout": 2000
        }
      ],
      "passes": [],
      "failures": [],
      "pending": [],
      "skipped": [],
      "duration": 0,
      "root": true,
      "rootEmpty": true,
      "_timeout": 2000
    },
    {
      "uuid": "12bdf212-cad8-4210-ba70-c9b7773cac96",
      "title": "",
      "fullFile": "cypress/e2e/automation-test-store/aliases.cy.js",
      "file": "cypress/e2e/automation-test-store/aliases.cy.js",
      "beforeHooks": [],
      "afterHooks": [],
      "tests": [],
      "suites": [
        {
          "uuid": "174153e9-9ffe-4673-b70d-5568f35e40ee",
          "title": "Alias and invoke",
          "fullFile": "",
          "file": "",
          "beforeHooks": [],
          "afterHooks": [],
          "tests": [
            {
              "title": "Validate a specific product",
              "fullTitle": "Alias and invoke Validate a specific product",
              "timedOut": null,
              "duration": 2831,
              "state": "passed",
              "speed": "fast",
              "pass": true,
              "fail": false,
              "pending": false,
              "context": null,
              "code": "cy.visit('https://www.automationteststore.com');\ncy.get(\"a[href*='product/category&path=']\").contains('Hair Care').click();\ncy.get('.fixed_wrapper .prdocutname').eq(0).invoke('text').as('productThumbnail');\ncy.get('@productThumbnail').then(function () {\n  cy.log(this.productThumbnail);\n});\ncy.get('@productThumbnail').its('length').should('be.gt', 5);\ncy.get('@productThumbnail').should('include', 'Seaweed Conditioner');",
              "err": {},
              "uuid": "17380040-7a7a-41cb-80e1-be99599ee07d",
              "parentUUID": "174153e9-9ffe-4673-b70d-5568f35e40ee",
              "isHook": false,
              "skipped": false
            },
            {
              "title": "Validate product thumbnail",
              "fullTitle": "Alias and invoke Validate product thumbnail",
              "timedOut": null,
              "duration": 1174,
              "state": "passed",
              "speed": "fast",
              "pass": true,
              "fail": false,
              "pending": false,
              "context": null,
              "code": "cy.visit('https://www.automationteststore.com');\ncy.get('.thumbnail').as('productThumbnail');\ncy.get('@productThumbnail').should('have.length', 16);\ncy.get('@productThumbnail').find('.productcart').invoke('attr', 'title').should('include', 'Add to Cart');",
              "err": {},
              "uuid": "2a4258fc-289f-44de-aeb0-6c7d041aa09e",
              "parentUUID": "174153e9-9ffe-4673-b70d-5568f35e40ee",
              "isHook": false,
              "skipped": false
            },
            {
              "title": "Calculate total of normal and sale products",
              "fullTitle": "Alias and invoke Calculate total of normal and sale products",
              "timedOut": null,
              "duration": 709,
              "state": "passed",
              "speed": "fast",
              "pass": true,
              "fail": false,
              "pending": false,
              "context": null,
              "code": "cy.visit('https://www.automationteststore.com');\n// cy.get('.thumbnail').as('productThumbnail');\n// cy.get('@productThumbnail').find('.oneprice').each(($el, index, $list) => {\n//     cy.log($el.text()); \n// });\ncy.get('.thumbnail').find('.oneprice').invoke('text').as('itemPrice');\ncy.get('.thumbnail').find('.pricenew').invoke('text').as('saleItemPrice');\nvar itemsTotal = 0;\ncy.get('@itemPrice').then(function ($linkText) {\n  // cy.log('Linked normal prices: \\n' + $linkText);\n  var itemPrice = $linkText.split('$');\n  var itemPriceTotal = 0;\n  var i;\n  for (i = 1; i < itemPrice.length; i++) {\n    // cy.log(`$${itemPrice[i]}`);\n    itemPriceTotal += Number(itemPrice[i]);\n  }\n  ;\n  itemsTotal += itemPriceTotal;\n  cy.log(\"Total price of normal products: $\".concat(itemPriceTotal, \".00\"));\n});\ncy.get('@saleItemPrice').then(function ($linkText) {\n  // cy.log('Linked sale prices: \\n' + $linkText);\n  var saleItemPrice = $linkText.split('$');\n  var saleItemPriceTotal = 0;\n  var i;\n  for (i = 1; i < saleItemPrice.length; i++) {\n    // cy.log(`$${saleItemPrice[i]}`);\n    saleItemPriceTotal += Number(saleItemPrice[i]);\n  }\n  ;\n  itemsTotal += saleItemPriceTotal;\n  cy.log(\"Total price of sale products: $\".concat(saleItemPriceTotal, \".00\"));\n}).then(function () {\n  cy.log(\"Total price of all products: $\".concat(itemsTotal, \".00\"));\n  expect(itemsTotal).to.eq(625.6);\n});",
              "err": {},
              "uuid": "6c1246d2-07bc-48ab-b5d1-fa382ea6b0c7",
              "parentUUID": "174153e9-9ffe-4673-b70d-5568f35e40ee",
              "isHook": false,
              "skipped": false
            }
          ],
          "suites": [],
          "passes": [
            "17380040-7a7a-41cb-80e1-be99599ee07d",
            "2a4258fc-289f-44de-aeb0-6c7d041aa09e",
            "6c1246d2-07bc-48ab-b5d1-fa382ea6b0c7"
          ],
          "failures": [],
          "pending": [],
          "skipped": [],
          "duration": 4714,
          "root": false,
          "rootEmpty": false,
          "_timeout": 2000
        }
      ],
      "passes": [],
      "failures": [],
      "pending": [],
      "skipped": [],
      "duration": 0,
      "root": true,
      "rootEmpty": true,
      "_timeout": 2000
    },
    {
      "uuid": "facc5892-c060-40a6-bf7b-2858fd830626",
      "title": "",
      "fullFile": "cypress/e2e/automation-test-store/contact-us.cy.js",
      "file": "cypress/e2e/automation-test-store/contact-us.cy.js",
      "beforeHooks": [],
      "afterHooks": [],
      "tests": [],
      "suites": [
        {
          "uuid": "a1f78509-55cf-4583-85c2-5531f3ebd0f0",
          "title": "Test Contact Us form via Automation Test Store",
          "fullFile": "",
          "file": "",
          "beforeHooks": [],
          "afterHooks": [],
          "tests": [
            {
              "title": "Successful submission via contact us form with CSS selectors",
              "fullTitle": "Test Contact Us form via Automation Test Store Successful submission via contact us form with CSS selectors",
              "timedOut": null,
              "duration": 4963,
              "state": "passed",
              "speed": "fast",
              "pass": true,
              "fail": false,
              "pending": false,
              "context": null,
              "code": "cy.visit('https://www.automationteststore.com');\ncy.get(\"a[href$='contact']\").click().then(function (contactButtonText) {\n  cy.log(\"Text on the selected button: \" + contactButtonText.text());\n  expect(contactButtonText.text()).eq('Contact Us');\n});\ncy.get('@user').then(function (user) {\n  cy.get('#ContactUsFrm_first_name').type(user.firstName);\n  cy.get('#ContactUsFrm_email').type(user.email);\n});\ncy.get('#ContactUsFrm_first_name').should('have.class', 'form-control');\ncy.get('#ContactUsFrm_email').should('have.attr', 'name', 'email');\ncy.get('#ContactUsFrm_enquiry').type('Do you provide support with CSS selectors?');\ncy.get('#ContactUsFrm_enquiry').should('have.attr', 'rows', '8');\ncy.get('button[title=\"Submit\"]').click();\ncy.get('.mb40 > :nth-child(3)').should('have.text', 'Your enquiry has been successfully sent to the store owner!');\ncy.log('Test has completed!');",
              "err": {},
              "uuid": "8931e404-c225-447b-93d5-18be46dd3f3b",
              "parentUUID": "a1f78509-55cf-4583-85c2-5531f3ebd0f0",
              "isHook": false,
              "skipped": false
            },
            {
              "title": "Successful submission via contact us form with XPath selectors",
              "fullTitle": "Test Contact Us form via Automation Test Store Successful submission via contact us form with XPath selectors",
              "timedOut": null,
              "duration": 5122,
              "state": "passed",
              "speed": "medium",
              "pass": true,
              "fail": false,
              "pending": false,
              "context": null,
              "code": "cy.visit('https://www.automationteststore.com');\ncy.xpath('//a[text()=\"Contact Us\"]').click();\ncy.get('@user').then(function (user) {\n  cy.xpath('//*[contains(@name, \"first\")]').type(user.firstName);\n  cy.xpath('//*[contains(@id, \"email\")]').type(user.email);\n});\ncy.xpath('//*[starts-with(@name, \"enq\")]').type('Do you provide support with XPath selectors?');\ncy.xpath('//*[starts-with(@title, \"Sub\")]').click();",
              "err": {},
              "uuid": "c3454284-9821-4fc8-82ef-5643b206debe",
              "parentUUID": "a1f78509-55cf-4583-85c2-5531f3ebd0f0",
              "isHook": false,
              "skipped": false
            }
          ],
          "suites": [],
          "passes": [
            "8931e404-c225-447b-93d5-18be46dd3f3b",
            "c3454284-9821-4fc8-82ef-5643b206debe"
          ],
          "failures": [],
          "pending": [],
          "skipped": [],
          "duration": 10085,
          "root": false,
          "rootEmpty": false,
          "_timeout": 2000
        }
      ],
      "passes": [],
      "failures": [],
      "pending": [],
      "skipped": [],
      "duration": 0,
      "root": true,
      "rootEmpty": true,
      "_timeout": 2000
    },
    {
      "uuid": "97ee7267-4d85-4ee2-a223-e087dcfa1f6a",
      "title": "",
      "fullFile": "cypress/e2e/automation-test-store/inspect-item.cy.js",
      "file": "cypress/e2e/automation-test-store/inspect-item.cy.js",
      "beforeHooks": [],
      "afterHooks": [],
      "tests": [],
      "suites": [
        {
          "uuid": "86833e84-8899-4918-941a-e79abd219bfd",
          "title": "Inspect Automation Test Store items using chain of commands",
          "fullFile": "",
          "file": "",
          "beforeHooks": [],
          "afterHooks": [],
          "tests": [
            {
              "title": "Click on the first item using item header",
              "fullTitle": "Inspect Automation Test Store items using chain of commands Click on the first item using item header",
              "timedOut": null,
              "duration": 3007,
              "state": "passed",
              "speed": "fast",
              "pass": true,
              "fail": false,
              "pending": false,
              "context": null,
              "code": "cy.visit('https://www.automationteststore.com');\ncy.get('#block_frame_featured_1769 > .thumbnails > :nth-child(1) > .fixed_wrapper > .fixed > .prdocutname').click();",
              "err": {},
              "uuid": "3ffadc76-b5c2-4748-b70b-83681e7eacff",
              "parentUUID": "86833e84-8899-4918-941a-e79abd219bfd",
              "isHook": false,
              "skipped": false
            },
            {
              "title": "Click on the first item using item text",
              "fullTitle": "Inspect Automation Test Store items using chain of commands Click on the first item using item text",
              "timedOut": null,
              "duration": 2725,
              "state": "passed",
              "speed": "fast",
              "pass": true,
              "fail": false,
              "pending": false,
              "context": null,
              "code": "cy.visit('https://www.automationteststore.com');\ncy.get('.prdocutname').contains('Skinsheen Bronzer Stick').click().then(function (itemHeaderText) {\n  console.log('Selected the following item: ' + itemHeaderText.text());\n});",
              "err": {},
              "uuid": "13ced96c-b144-4d39-b602-dec8241aef2f",
              "parentUUID": "86833e84-8899-4918-941a-e79abd219bfd",
              "isHook": false,
              "skipped": false
            },
            {
              "title": "Click on the first item using index",
              "fullTitle": "Inspect Automation Test Store items using chain of commands Click on the first item using index",
              "timedOut": null,
              "duration": 2360,
              "state": "passed",
              "speed": "fast",
              "pass": true,
              "fail": false,
              "pending": false,
              "context": null,
              "code": "cy.visit('https://www.automationteststore.com');\ncy.get('.fixed_wrapper').find('.prdocutname').eq(0).click();",
              "err": {},
              "uuid": "5018c42f-7beb-4868-bb43-adbe27493fdb",
              "parentUUID": "86833e84-8899-4918-941a-e79abd219bfd",
              "isHook": false,
              "skipped": false
            }
          ],
          "suites": [],
          "passes": [
            "3ffadc76-b5c2-4748-b70b-83681e7eacff",
            "13ced96c-b144-4d39-b602-dec8241aef2f",
            "5018c42f-7beb-4868-bb43-adbe27493fdb"
          ],
          "failures": [],
          "pending": [],
          "skipped": [],
          "duration": 8092,
          "root": false,
          "rootEmpty": false,
          "_timeout": 2000
        }
      ],
      "passes": [],
      "failures": [],
      "pending": [],
      "skipped": [],
      "duration": 0,
      "root": true,
      "rootEmpty": true,
      "_timeout": 2000
    },
    {
      "uuid": "46fe9819-30ca-4407-a784-00399a57c505",
      "title": "",
      "fullFile": "cypress/e2e/automation-test-store/iterations.cy.js",
      "file": "cypress/e2e/automation-test-store/iterations.cy.js",
      "beforeHooks": [],
      "afterHooks": [],
      "tests": [],
      "suites": [
        {
          "uuid": "dc02a3db-5cb7-407f-86ab-7b1cfba7e4c4",
          "title": "Iterate over elements",
          "fullFile": "",
          "file": "",
          "beforeHooks": [],
          "afterHooks": [],
          "tests": [
            {
              "title": "Log information of all products",
              "fullTitle": "Iterate over elements Log information of all products",
              "timedOut": null,
              "duration": 2742,
              "state": "passed",
              "speed": "fast",
              "pass": true,
              "fail": false,
              "pending": false,
              "context": null,
              "code": "cy.get('.fixed_wrapper .prdocutname').each(function ($el, index, $list) {\n  cy.log(\"\".concat(index, \" - \").concat($el.text()));\n});",
              "err": {},
              "uuid": "418c4a8f-1cfd-44d7-8b73-9131cb62aaf7",
              "parentUUID": "dc02a3db-5cb7-407f-86ab-7b1cfba7e4c4",
              "isHook": false,
              "skipped": false
            },
            {
              "title": "Add specific product to basket",
              "fullTitle": "Iterate over elements Add specific product to basket",
              "timedOut": null,
              "duration": 3457,
              "state": "passed",
              "speed": "fast",
              "pass": true,
              "fail": false,
              "pending": false,
              "context": null,
              "code": "cy.selectProduct('Curls to straight Shampoo');",
              "err": {},
              "uuid": "a3aa1658-520f-4608-a1bd-bb5b0a25c730",
              "parentUUID": "dc02a3db-5cb7-407f-86ab-7b1cfba7e4c4",
              "isHook": false,
              "skipped": false
            },
            {
              "title": "Add challange product to basket",
              "fullTitle": "Iterate over elements Add challange product to basket",
              "timedOut": null,
              "duration": 10582,
              "state": "passed",
              "speed": "slow",
              "pass": true,
              "fail": false,
              "pending": false,
              "context": null,
              "code": "cy.selectProduct('Eau Parfumee au The Vert Shampoo');",
              "err": {},
              "uuid": "5ec71024-7e1c-4b63-a17a-b3f481c831aa",
              "parentUUID": "dc02a3db-5cb7-407f-86ab-7b1cfba7e4c4",
              "isHook": false,
              "skipped": false
            }
          ],
          "suites": [],
          "passes": [
            "418c4a8f-1cfd-44d7-8b73-9131cb62aaf7",
            "a3aa1658-520f-4608-a1bd-bb5b0a25c730",
            "5ec71024-7e1c-4b63-a17a-b3f481c831aa"
          ],
          "failures": [],
          "pending": [],
          "skipped": [],
          "duration": 16781,
          "root": false,
          "rootEmpty": false,
          "_timeout": 2000
        }
      ],
      "passes": [],
      "failures": [],
      "pending": [],
      "skipped": [],
      "duration": 0,
      "root": true,
      "rootEmpty": true,
      "_timeout": 2000
    },
    {
      "uuid": "a42abb70-a41a-4356-8b6c-a798bee2d9b9",
      "title": "",
      "fullFile": "cypress/e2e/automation-test-store/variables.cy.js",
      "file": "cypress/e2e/automation-test-store/variables.cy.js",
      "beforeHooks": [],
      "afterHooks": [],
      "tests": [],
      "suites": [
        {
          "uuid": "d6138083-c613-4cd5-8796-889b78c71183",
          "title": "Veryfing variables, cypress commands and jquery commands",
          "fullFile": "",
          "file": "",
          "beforeHooks": [],
          "afterHooks": [],
          "tests": [
            {
              "title": "Navigating to specific product pages",
              "fullTitle": "Veryfing variables, cypress commands and jquery commands Navigating to specific product pages",
              "timedOut": null,
              "duration": 7102,
              "state": "passed",
              "speed": "medium",
              "pass": true,
              "fail": false,
              "pending": false,
              "context": null,
              "code": "// The following will fail\n// cy.visit('https://www.automationteststore.com');\n// const makeupLink = cy.get(\"a[href*='product/category&path=']\").contains('Makeup');\n// const skincareLink = cy.get(\"a[href*='product/category&path=']\").contains('Skincare');\n// makeupLink.click();\n// skincareLink.click();\n// The following will pass\n// cy.visit('https://www.automationteststore.com');\n// const makeupLink = cy.get(\"a[href*='product/category&path=']\").contains('Makeup');\n// makeupLink.click();\n// const skincareLink = cy.get(\"a[href*='product/category&path=']\").contains('Skincare');\n// skincareLink.click();\n// Recommended approach\ncy.visit('https://www.automationteststore.com');\ncy.get(\"a[href*='product/category&path=']\").contains('Makeup').click();\ncy.get(\"a[href*='product/category&path=']\").contains('Skincare').eq(0).click();",
              "err": {},
              "uuid": "cfaaedb7-4434-439f-9f7e-57c62836bd8f",
              "parentUUID": "d6138083-c613-4cd5-8796-889b78c71183",
              "isHook": false,
              "skipped": false
            },
            {
              "title": "Navigating to makeup products page",
              "fullTitle": "Veryfing variables, cypress commands and jquery commands Navigating to makeup products page",
              "timedOut": null,
              "duration": 2397,
              "state": "passed",
              "speed": "fast",
              "pass": true,
              "fail": false,
              "pending": false,
              "context": null,
              "code": "cy.visit('https://www.automationteststore.com');\ncy.get(\"a[href*='product/category&path=']\").contains('Makeup').click();\n// Following code will fail\n// const header = cy.get('h1 > .maintext');\n// cy.log(header.text());\ncy.get('h1 > .maintext').then(function ($headerText) {\n  var headerText = $headerText.text();\n  cy.log('Found header text: ' + headerText);\n  expect(headerText).eq('Makeup');\n});",
              "err": {},
              "uuid": "60613f21-616e-4c5c-b869-f62ae9b3be55",
              "parentUUID": "d6138083-c613-4cd5-8796-889b78c71183",
              "isHook": false,
              "skipped": false
            },
            {
              "title": "Validate properties of the contact us page",
              "fullTitle": "Veryfing variables, cypress commands and jquery commands Validate properties of the contact us page",
              "timedOut": null,
              "duration": 2340,
              "state": "passed",
              "speed": "fast",
              "pass": true,
              "fail": false,
              "pending": false,
              "context": null,
              "code": "cy.visit('https://www.automationteststore.com');\ncy.get('.info_links_footer').find('li').contains('Contact Us').click();\n// Uses cypress commands and chaining\ncy.contains('#ContactUsFrm', 'Contact Us Form').find('#field_11').should('contain', 'First name');\n//  JQuery approach\ncy.contains('#ContactUsFrm', 'Contact Us Form').then(function (text) {\n  var firstNameText = text.find('#field_11').text();\n  expect(firstNameText).contain('First name');\n  // Embedded commands (Closure)\n  cy.get('#field_11').then(function (fnText) {\n    cy.log(fnText.text());\n    cy.log(fnText);\n  });\n});",
              "err": {},
              "uuid": "bf181bd8-b13a-4050-b07a-9a02b7d544a7",
              "parentUUID": "d6138083-c613-4cd5-8796-889b78c71183",
              "isHook": false,
              "skipped": false
            }
          ],
          "suites": [],
          "passes": [
            "cfaaedb7-4434-439f-9f7e-57c62836bd8f",
            "60613f21-616e-4c5c-b869-f62ae9b3be55",
            "bf181bd8-b13a-4050-b07a-9a02b7d544a7"
          ],
          "failures": [],
          "pending": [],
          "skipped": [],
          "duration": 11839,
          "root": false,
          "rootEmpty": false,
          "_timeout": 2000
        }
      ],
      "passes": [],
      "failures": [],
      "pending": [],
      "skipped": [],
      "duration": 0,
      "root": true,
      "rootEmpty": true,
      "_timeout": 2000
    }
  ],
  "meta": {
    "mocha": {
      "version": "7.0.1"
    },
    "mochawesome": {
      "options": {
        "quiet": false,
        "reportFilename": "mochawesome",
        "saveHtml": false,
        "saveJson": true,
        "consoleReporter": "spec",
        "useInlineDiffs": false,
        "code": true
      },
      "version": "7.1.3"
    },
    "marge": {
      "options": {
        "id": "default",
        "reportDir": "cypress/results/mochawesome",
        "quite": true,
        "overwrite": false,
        "html": false,
        "json": true
      },
      "version": "6.2.0"
    }
  }
}